<?xml version="1.0" encoding="UTF-8"?>
<!-- Generated by org.testng.reporters.JUnitXMLReporter -->
<testsuite ignored="0" hostname="DESKTOP-G74HI41" failures="0" tests="7" name="Default test" time="8.274" errors="0" timestamp="2022-06-14T13:05:18 WIB">
  <testcase classname="com.nexsoft.testng.dashboard.CRUDBuilderTest" name="cobaDulu" time="0.006"/>
  <testcase classname="com.nexsoft.testng.dashboard.CRUDBuilderTest" name="cobaDulu" time="0.006"/>
  <testcase classname="com.nexsoft.testng.dashboard.CRUDBuilderTest" name="cobaDulu" time="0.006"/>
  <testcase classname="com.nexsoft.testng.dashboard.CRUDBuilderTest" name="login" time="1.491"/>
  <testcase classname="com.nexsoft.testng.dashboard.CRUDBuilderTest" name="createData" time="2.38"/>
  <testcase classname="com.nexsoft.testng.dashboard.CRUDBuilderTest" name="getUsername" time="0.033"/>
  <testcase classname="com.nexsoft.testng.dashboard.CRUDBuilderTest" name="getUsername2" time="0.019"/>
</testsuite> <!-- Default test -->
