<?xml version="1.0" encoding="UTF-8"?>
<!-- Generated by org.testng.reporters.JUnitXMLReporter -->
<testsuite ignored="0" hostname="DESKTOP-G74HI41" failures="0" tests="4" name="Default test" time="8.986" errors="0" timestamp="2022-06-14T10:30:45 WIB">
  <testcase classname="com.nexsoft.testng.dashboard.CRUDBuilderTest" name="login" time="1.447"/>
  <testcase classname="com.nexsoft.testng.dashboard.CRUDBuilderTest" name="createData" time="5.294"/>
  <testcase classname="com.nexsoft.testng.dashboard.CRUDBuilderTest" name="getUsername" time="0.031"/>
  <testcase classname="com.nexsoft.testng.dashboard.CRUDBuilderTest" name="getUsername2" time="0.018"/>
</testsuite> <!-- Default test -->
