<?xml version="1.0" encoding="UTF-8"?>
<testng-results ignored="0" total="6" passed="6" failed="0" skipped="0">
  <reporter-output>
  </reporter-output>
  <suite started-at="2022-06-14T10:35:00 WIB" name="SuiteTest" finished-at="2022-06-14T10:35:10 WIB" duration-ms="9668">
    <groups>
    </groups>
    <test started-at="2022-06-14T10:35:00 WIB" name="FrontEnd Test" finished-at="2022-06-14T10:35:04 WIB" duration-ms="4285">
      <class name="com.nexsoft.testng.frontpage.FrontpageTest">
        <test-method is-config="true" signature="init()[pri:0, instance:com.nexsoft.testng.frontpage.FrontpageTest@2fab4aff]" started-at="2022-06-14T10:35:00 WIB" name="init" finished-at="2022-06-14T10:35:03 WIB" duration-ms="2743" status="PASS">
          <reporter-output>
          </reporter-output>
        </test-method> <!-- init -->
        <test-method signature="login()[pri:0, instance:com.nexsoft.testng.frontpage.FrontpageTest@2fab4aff]" started-at="2022-06-14T10:35:03 WIB" name="login" finished-at="2022-06-14T10:35:04 WIB" duration-ms="1491" status="PASS">
          <reporter-output>
          </reporter-output>
        </test-method> <!-- login -->
        <test-method signature="setLanguage()[pri:0, instance:com.nexsoft.testng.frontpage.FrontpageTest@2fab4aff]" started-at="2022-06-14T10:35:04 WIB" name="setLanguage" finished-at="2022-06-14T10:35:04 WIB" duration-ms="1" status="PASS">
          <reporter-output>
          </reporter-output>
        </test-method> <!-- setLanguage -->
      </class> <!-- com.nexsoft.testng.frontpage.FrontpageTest -->
    </test> <!-- FrontEnd Test -->
    <test started-at="2022-06-14T10:35:04 WIB" name="BackEnd Test" finished-at="2022-06-14T10:35:10 WIB" duration-ms="5354">
      <class name="com.nexsoft.testng.dashboard.CRUDBuilderTest">
        <test-method is-config="true" signature="init()[pri:0, instance:com.nexsoft.testng.dashboard.CRUDBuilderTest@71f67a79]" started-at="2022-06-14T10:35:05 WIB" name="init" finished-at="2022-06-14T10:35:06 WIB" duration-ms="1463" status="PASS">
          <reporter-output>
          </reporter-output>
        </test-method> <!-- init -->
        <test-method signature="login()[pri:0, instance:com.nexsoft.testng.dashboard.CRUDBuilderTest@71f67a79]" started-at="2022-06-14T10:35:06 WIB" name="login" finished-at="2022-06-14T10:35:07 WIB" duration-ms="1347" status="PASS">
          <reporter-output>
          </reporter-output>
        </test-method> <!-- login -->
        <test-method signature="createData()[pri:1, instance:com.nexsoft.testng.dashboard.CRUDBuilderTest@71f67a79]" started-at="2022-06-14T10:35:07 WIB" name="createData" finished-at="2022-06-14T10:35:10 WIB" duration-ms="2485" status="PASS">
          <reporter-output>
          </reporter-output>
        </test-method> <!-- createData -->
        <test-method signature="getUsername()[pri:1, instance:com.nexsoft.testng.dashboard.CRUDBuilderTest@71f67a79]" started-at="2022-06-14T10:35:10 WIB" name="getUsername" finished-at="2022-06-14T10:35:10 WIB" duration-ms="29" status="PASS">
          <reporter-output>
          </reporter-output>
        </test-method> <!-- getUsername -->
        <test-method signature="getUsername2()[pri:1, instance:com.nexsoft.testng.dashboard.CRUDBuilderTest@71f67a79]" started-at="2022-06-14T10:35:10 WIB" name="getUsername2" finished-at="2022-06-14T10:35:10 WIB" duration-ms="21" status="PASS">
          <reporter-output>
          </reporter-output>
        </test-method> <!-- getUsername2 -->
      </class> <!-- com.nexsoft.testng.dashboard.CRUDBuilderTest -->
    </test> <!-- BackEnd Test -->
  </suite> <!-- SuiteTest -->
</testng-results>
