<?xml version="1.0" encoding="UTF-8"?>
<testng-results ignored="0" total="4" passed="4" failed="0" skipped="0">
  <reporter-output>
    <line>
      <![CDATA[<img src='file://E:\TestScreenshoot\)20220614_143759.png' />]]>
    </line>
  </reporter-output>
  <suite started-at="2022-06-14T14:37:55 WIB" name="Default suite" finished-at="2022-06-14T14:37:59 WIB" duration-ms="4274">
    <groups>
    </groups>
    <test started-at="2022-06-14T14:37:55 WIB" name="Default test" finished-at="2022-06-14T14:37:59 WIB" duration-ms="4274">
      <class name="com.nexsoft.testng.frontpage.FrontpageTest">
        <test-method is-config="true" signature="init()[pri:0, instance:com.nexsoft.testng.frontpage.FrontpageTest@5c33f1a9]" started-at="2022-06-14T14:37:55 WIB" name="init" finished-at="2022-06-14T14:37:57 WIB" duration-ms="2360" status="PASS">
          <reporter-output>
          </reporter-output>
        </test-method> <!-- init -->
        <test-method signature="consumeData(java.lang.String)[pri:0, instance:com.nexsoft.testng.frontpage.FrontpageTest@5c33f1a9]" started-at="2022-06-14T14:37:57 WIB" name="consumeData" data-provider="data-provider" finished-at="2022-06-14T14:37:57 WIB" duration-ms="6" status="PASS">
          <params>
            <param index="0">
              <value>
                <![CDATA[dewabrata]]>
              </value>
            </param>
          </params>
          <reporter-output>
          </reporter-output>
        </test-method> <!-- consumeData -->
        <test-method signature="consumeData(java.lang.String)[pri:0, instance:com.nexsoft.testng.frontpage.FrontpageTest@5c33f1a9]" started-at="2022-06-14T14:37:57 WIB" name="consumeData" data-provider="data-provider" finished-at="2022-06-14T14:37:57 WIB" duration-ms="1" status="PASS">
          <params>
            <param index="0">
              <value>
                <![CDATA[nextSoft]]>
              </value>
            </param>
          </params>
          <reporter-output>
          </reporter-output>
        </test-method> <!-- consumeData -->
        <test-method signature="login()[pri:0, instance:com.nexsoft.testng.frontpage.FrontpageTest@5c33f1a9]" started-at="2022-06-14T14:37:57 WIB" name="login" finished-at="2022-06-14T14:37:59 WIB" duration-ms="1865" status="PASS">
          <reporter-output>
            <line>
              <![CDATA[<img src='file://E:\TestScreenshoot\)20220614_143759.png' />]]>
            </line>
          </reporter-output>
        </test-method> <!-- login -->
        <test-method signature="setLanguage()[pri:0, instance:com.nexsoft.testng.frontpage.FrontpageTest@5c33f1a9]" started-at="2022-06-14T14:37:59 WIB" name="setLanguage" finished-at="2022-06-14T14:37:59 WIB" duration-ms="1" status="PASS">
          <reporter-output>
          </reporter-output>
        </test-method> <!-- setLanguage -->
      </class> <!-- com.nexsoft.testng.frontpage.FrontpageTest -->
    </test> <!-- Default test -->
  </suite> <!-- Default suite -->
</testng-results>
