<?xml version="1.0" encoding="UTF-8"?>
<!-- Generated by org.testng.reporters.JUnitXMLReporter -->
<testsuite ignored="0" hostname="DESKTOP-G74HI41" failures="0" tests="4" name="BackEnd Test" time="6.542" errors="0" timestamp="2022-06-14T11:15:53 WIB">
  <testcase classname="com.nexsoft.testng.dashboard.CRUDBuilderTest" name="login" time="1.675"/>
  <testcase classname="com.nexsoft.testng.dashboard.CRUDBuilderTest" name="createData" time="2.862"/>
  <testcase classname="com.nexsoft.testng.dashboard.CRUDBuilderTest" name="getUsername" time="0.038"/>
  <testcase classname="com.nexsoft.testng.dashboard.CRUDBuilderTest" name="getUsername2" time="0.024"/>
</testsuite> <!-- BackEnd Test -->
