<?xml version="1.0" encoding="UTF-8"?>
<!-- Generated by org.testng.reporters.JUnitXMLReporter -->
<testsuite ignored="0" hostname="DESKTOP-G74HI41" failures="0" tests="4" name="FrontEnd Test" time="4.077" errors="0" timestamp="2022-06-14T14:20:21 WIB">
  <testcase classname="com.nexsoft.testng.frontpage.FrontpageTest" name="consumeData" time="0.013"/>
  <testcase classname="com.nexsoft.testng.frontpage.FrontpageTest" name="consumeData" time="0.002"/>
  <testcase classname="com.nexsoft.testng.frontpage.FrontpageTest" name="login" time="1.444"/>
  <testcase classname="com.nexsoft.testng.frontpage.FrontpageTest" name="setLanguage" time="0.002"/>
</testsuite> <!-- FrontEnd Test -->
